<testsuites id="" name="" tests="14" failures="6" skipped="4" errors="0" time="111.96086">
<testsuite name="auth.smoke.spec.ts" timestamp="2025-09-18T01:57:34.277Z" hostname="chromium" tests="2" failures="1" skipped="1" time="4.71" errors="0">
<testcase name="Auth smoke › login -&gt; persistencia -&gt; debug page OK" classname="auth.smoke.spec.ts" time="4.502">
<failure message="auth.smoke.spec.ts:9:7 login -&gt; persistencia -&gt; debug page OK" type="FAILURE">
<![CDATA[  [chromium] › auth.smoke.spec.ts:9:7 › Auth smoke › login -> persistencia -> debug page OK ────────

    Error: locator.fill: value: expected string, got undefined

       9 |   test("login -> persistencia -> debug page OK", async ({ page, context }) => {
      10 |     await page.goto(`${APP}/auth/sign-in`);
    > 11 |     await page.getByTestId("email").fill(TEST_EMAIL);
         |                                     ^
      12 |     await page.getByTestId("password").fill(TEST_PASSWORD);
      13 |     await page.getByTestId("sign-in-btn").click();
      14 |
        at C:\dev\handi-webapp\tests\auth.smoke.spec.ts:11:37

    attachment #1: screenshot (image/png) ──────────────────────────────────────────────────────────
    ..\test-results\auth.smoke-Auth-smoke-login---persistencia---debug-page-OK-chromium\test-failed-1.png
    ────────────────────────────────────────────────────────────────────────────────────────────────

    attachment #2: video (video/webm) ──────────────────────────────────────────────────────────────
    ..\test-results\auth.smoke-Auth-smoke-login---persistencia---debug-page-OK-chromium\video.webm
    ────────────────────────────────────────────────────────────────────────────────────────────────

    Error Context: ..\test-results\auth.smoke-Auth-smoke-login---persistencia---debug-page-OK-chromium\error-context.md

    Retry #1 ───────────────────────────────────────────────────────────────────────────────────────

    Error: locator.fill: value: expected string, got undefined

       9 |   test("login -> persistencia -> debug page OK", async ({ page, context }) => {
      10 |     await page.goto(`${APP}/auth/sign-in`);
    > 11 |     await page.getByTestId("email").fill(TEST_EMAIL);
         |                                     ^
      12 |     await page.getByTestId("password").fill(TEST_PASSWORD);
      13 |     await page.getByTestId("sign-in-btn").click();
      14 |
        at C:\dev\handi-webapp\tests\auth.smoke.spec.ts:11:37

    attachment #1: screenshot (image/png) ──────────────────────────────────────────────────────────
    ..\test-results\auth.smoke-Auth-smoke-login---persistencia---debug-page-OK-chromium-retry1\test-failed-1.png
    ────────────────────────────────────────────────────────────────────────────────────────────────

    attachment #2: video (video/webm) ──────────────────────────────────────────────────────────────
    ..\test-results\auth.smoke-Auth-smoke-login---persistencia---debug-page-OK-chromium-retry1\video.webm
    ────────────────────────────────────────────────────────────────────────────────────────────────

    Error Context: ..\test-results\auth.smoke-Auth-smoke-login---persistencia---debug-page-OK-chromium-retry1\error-context.md

    attachment #4: trace (application/zip) ─────────────────────────────────────────────────────────
    ..\test-results\auth.smoke-Auth-smoke-login---persistencia---debug-page-OK-chromium-retry1\trace.zip
    Usage:

        npx playwright show-trace ..\test-results\auth.smoke-Auth-smoke-login---persistencia---debug-page-OK-chromium-retry1\trace.zip

    ────────────────────────────────────────────────────────────────────────────────────────────────

    Retry #2 ───────────────────────────────────────────────────────────────────────────────────────

    Error: locator.fill: value: expected string, got undefined

       9 |   test("login -> persistencia -> debug page OK", async ({ page, context }) => {
      10 |     await page.goto(`${APP}/auth/sign-in`);
    > 11 |     await page.getByTestId("email").fill(TEST_EMAIL);
         |                                     ^
      12 |     await page.getByTestId("password").fill(TEST_PASSWORD);
      13 |     await page.getByTestId("sign-in-btn").click();
      14 |
        at C:\dev\handi-webapp\tests\auth.smoke.spec.ts:11:37

    attachment #1: screenshot (image/png) ──────────────────────────────────────────────────────────
    ..\test-results\auth.smoke-Auth-smoke-login---persistencia---debug-page-OK-chromium-retry2\test-failed-1.png
    ────────────────────────────────────────────────────────────────────────────────────────────────

    attachment #2: video (video/webm) ──────────────────────────────────────────────────────────────
    ..\test-results\auth.smoke-Auth-smoke-login---persistencia---debug-page-OK-chromium-retry2\video.webm
    ────────────────────────────────────────────────────────────────────────────────────────────────

    Error Context: ..\test-results\auth.smoke-Auth-smoke-login---persistencia---debug-page-OK-chromium-retry2\error-context.md
]]>
</failure>
<system-out>
<![CDATA[
[[ATTACHMENT|..\..\test-results\auth.smoke-Auth-smoke-login---persistencia---debug-page-OK-chromium\test-failed-1.png]]

[[ATTACHMENT|..\..\test-results\auth.smoke-Auth-smoke-login---persistencia---debug-page-OK-chromium\video.webm]]

[[ATTACHMENT|..\..\test-results\auth.smoke-Auth-smoke-login---persistencia---debug-page-OK-chromium\error-context.md]]

[[ATTACHMENT|..\..\test-results\auth.smoke-Auth-smoke-login---persistencia---debug-page-OK-chromium-retry1\test-failed-1.png]]

[[ATTACHMENT|..\..\test-results\auth.smoke-Auth-smoke-login---persistencia---debug-page-OK-chromium-retry1\video.webm]]

[[ATTACHMENT|..\..\test-results\auth.smoke-Auth-smoke-login---persistencia---debug-page-OK-chromium-retry1\error-context.md]]

[[ATTACHMENT|..\..\test-results\auth.smoke-Auth-smoke-login---persistencia---debug-page-OK-chromium-retry1\trace.zip]]

[[ATTACHMENT|..\..\test-results\auth.smoke-Auth-smoke-login---persistencia---debug-page-OK-chromium-retry2\test-failed-1.png]]

[[ATTACHMENT|..\..\test-results\auth.smoke-Auth-smoke-login---persistencia---debug-page-OK-chromium-retry2\video.webm]]

[[ATTACHMENT|..\..\test-results\auth.smoke-Auth-smoke-login---persistencia---debug-page-OK-chromium-retry2\error-context.md]]
]]>
</system-out>
</testcase>
<testcase name="Auth smoke › canonical redirects (solo prod)" classname="auth.smoke.spec.ts" time="0.208">
<properties>
<property name="skip" value="Solo en prod">
</property>
</properties>
<skipped>
</skipped>
</testcase>
</testsuite>
<testsuite name="e2e\auth-session.spec.ts" timestamp="2025-09-18T01:57:34.277Z" hostname="chromium" tests="1" failures="1" skipped="0" time="2.072" errors="0">
<testcase name="Supabase session flow › maintains cookie across redirects and navigation" classname="e2e\auth-session.spec.ts" time="2.072">
<failure message="auth-session.spec.ts:9:7 maintains cookie across redirects and navigation" type="FAILURE">
<![CDATA[  [chromium] › e2e\auth-session.spec.ts:9:7 › Supabase session flow › maintains cookie across redirects and navigation 

    Error: expect(received).toBeTruthy()

    Received: false

      13 |       `${APP_URL}/api/test-auth/login?email=${encodeURIComponent(TEST_EMAIL)}&next=/`,
      14 |     );
    > 15 |     expect(loginResponse.ok()).toBeTruthy();
         |                                ^
      16 |     const payload = await loginResponse.json();
      17 |     expect(payload?.action_link).toBeTruthy();
      18 |
        at C:\dev\handi-webapp\tests\e2e\auth-session.spec.ts:15:32

    attachment #1: screenshot (image/png) ──────────────────────────────────────────────────────────
    ..\test-results\e2e-auth-session-Supabase--afaa4-ss-redirects-and-navigation-chromium\test-failed-1.png
    ────────────────────────────────────────────────────────────────────────────────────────────────

    attachment #2: video (video/webm) ──────────────────────────────────────────────────────────────
    ..\test-results\e2e-auth-session-Supabase--afaa4-ss-redirects-and-navigation-chromium\video.webm
    ────────────────────────────────────────────────────────────────────────────────────────────────

    Error Context: ..\test-results\e2e-auth-session-Supabase--afaa4-ss-redirects-and-navigation-chromium\error-context.md

    Retry #1 ───────────────────────────────────────────────────────────────────────────────────────

    Error: expect(received).toBeTruthy()

    Received: false

      13 |       `${APP_URL}/api/test-auth/login?email=${encodeURIComponent(TEST_EMAIL)}&next=/`,
      14 |     );
    > 15 |     expect(loginResponse.ok()).toBeTruthy();
         |                                ^
      16 |     const payload = await loginResponse.json();
      17 |     expect(payload?.action_link).toBeTruthy();
      18 |
        at C:\dev\handi-webapp\tests\e2e\auth-session.spec.ts:15:32

    attachment #1: screenshot (image/png) ──────────────────────────────────────────────────────────
    ..\test-results\e2e-auth-session-Supabase--afaa4-ss-redirects-and-navigation-chromium-retry1\test-failed-1.png
    ────────────────────────────────────────────────────────────────────────────────────────────────

    attachment #2: video (video/webm) ──────────────────────────────────────────────────────────────
    ..\test-results\e2e-auth-session-Supabase--afaa4-ss-redirects-and-navigation-chromium-retry1\video.webm
    ────────────────────────────────────────────────────────────────────────────────────────────────

    Error Context: ..\test-results\e2e-auth-session-Supabase--afaa4-ss-redirects-and-navigation-chromium-retry1\error-context.md

    attachment #4: trace (application/zip) ─────────────────────────────────────────────────────────
    ..\test-results\e2e-auth-session-Supabase--afaa4-ss-redirects-and-navigation-chromium-retry1\trace.zip
    Usage:

        npx playwright show-trace ..\test-results\e2e-auth-session-Supabase--afaa4-ss-redirects-and-navigation-chromium-retry1\trace.zip

    ────────────────────────────────────────────────────────────────────────────────────────────────

    Retry #2 ───────────────────────────────────────────────────────────────────────────────────────

    Error: expect(received).toBeTruthy()

    Received: false

      13 |       `${APP_URL}/api/test-auth/login?email=${encodeURIComponent(TEST_EMAIL)}&next=/`,
      14 |     );
    > 15 |     expect(loginResponse.ok()).toBeTruthy();
         |                                ^
      16 |     const payload = await loginResponse.json();
      17 |     expect(payload?.action_link).toBeTruthy();
      18 |
        at C:\dev\handi-webapp\tests\e2e\auth-session.spec.ts:15:32

    attachment #1: screenshot (image/png) ──────────────────────────────────────────────────────────
    ..\test-results\e2e-auth-session-Supabase--afaa4-ss-redirects-and-navigation-chromium-retry2\test-failed-1.png
    ────────────────────────────────────────────────────────────────────────────────────────────────

    attachment #2: video (video/webm) ──────────────────────────────────────────────────────────────
    ..\test-results\e2e-auth-session-Supabase--afaa4-ss-redirects-and-navigation-chromium-retry2\video.webm
    ────────────────────────────────────────────────────────────────────────────────────────────────

    Error Context: ..\test-results\e2e-auth-session-Supabase--afaa4-ss-redirects-and-navigation-chromium-retry2\error-context.md
]]>
</failure>
<system-out>
<![CDATA[
[[ATTACHMENT|..\..\test-results\e2e-auth-session-Supabase--afaa4-ss-redirects-and-navigation-chromium\test-failed-1.png]]

[[ATTACHMENT|..\..\test-results\e2e-auth-session-Supabase--afaa4-ss-redirects-and-navigation-chromium\video.webm]]

[[ATTACHMENT|..\..\test-results\e2e-auth-session-Supabase--afaa4-ss-redirects-and-navigation-chromium\error-context.md]]

[[ATTACHMENT|..\..\test-results\e2e-auth-session-Supabase--afaa4-ss-redirects-and-navigation-chromium-retry1\test-failed-1.png]]

[[ATTACHMENT|..\..\test-results\e2e-auth-session-Supabase--afaa4-ss-redirects-and-navigation-chromium-retry1\video.webm]]

[[ATTACHMENT|..\..\test-results\e2e-auth-session-Supabase--afaa4-ss-redirects-and-navigation-chromium-retry1\error-context.md]]

[[ATTACHMENT|..\..\test-results\e2e-auth-session-Supabase--afaa4-ss-redirects-and-navigation-chromium-retry1\trace.zip]]

[[ATTACHMENT|..\..\test-results\e2e-auth-session-Supabase--afaa4-ss-redirects-and-navigation-chromium-retry2\test-failed-1.png]]

[[ATTACHMENT|..\..\test-results\e2e-auth-session-Supabase--afaa4-ss-redirects-and-navigation-chromium-retry2\video.webm]]

[[ATTACHMENT|..\..\test-results\e2e-auth-session-Supabase--afaa4-ss-redirects-and-navigation-chromium-retry2\error-context.md]]
]]>
</system-out>
</testcase>
</testsuite>
<testsuite name="e2e\navbar-roles.spec.ts" timestamp="2025-09-18T01:57:34.277Z" hostname="chromium" tests="4" failures="3" skipped="0" time="52.304" errors="0">
<testcase name="navbar para rol: guest" classname="e2e\navbar-roles.spec.ts" time="0.635">
</testcase>
<testcase name="navbar para rol: client" classname="e2e\navbar-roles.spec.ts" time="16.962">
<failure message="navbar-roles.spec.ts:6:7 navbar para rol: client" type="FAILURE">
<![CDATA[  [chromium] › e2e\navbar-roles.spec.ts:6:7 › navbar para rol: client ──────────────────────────────

    Error: expect(locator).toHaveCount(expected) failed

    Locator:  locator('[data-testid="btn-login"]')
    Expected: 0
    Received: 1
    Timeout:  5000ms

    Call log:
      - Expect "toHaveCount" with timeout 5000ms
      - waiting for locator('[data-testid="btn-login"]')
        9 × locator resolved to 1 element
          - unexpected value "1"


      15 |       await expect(page.locator('[data-testid="avatar"]')).toHaveCount(0);
      16 |     } else {
    > 17 |       await expect(page.locator('[data-testid="btn-login"]')).toHaveCount(0);
         |                                                               ^
      18 |       await expect(page.locator('[data-testid="avatar"]')).toBeVisible();
      19 |     }
      20 |
        at C:\dev\handi-webapp\tests\e2e\navbar-roles.spec.ts:17:63

    attachment #1: screenshot (image/png) ──────────────────────────────────────────────────────────
    ..\test-results\e2e-navbar-roles-navbar-para-rol-client-chromium\test-failed-1.png
    ────────────────────────────────────────────────────────────────────────────────────────────────

    attachment #2: video (video/webm) ──────────────────────────────────────────────────────────────
    ..\test-results\e2e-navbar-roles-navbar-para-rol-client-chromium\video.webm
    ────────────────────────────────────────────────────────────────────────────────────────────────

    Error Context: ..\test-results\e2e-navbar-roles-navbar-para-rol-client-chromium\error-context.md

    Retry #1 ───────────────────────────────────────────────────────────────────────────────────────

    Error: expect(locator).toHaveCount(expected) failed

    Locator:  locator('[data-testid="btn-login"]')
    Expected: 0
    Received: 1
    Timeout:  5000ms

    Call log:
      - Expect "toHaveCount" with timeout 5000ms
      - waiting for locator('[data-testid="btn-login"]')
        9 × locator resolved to 1 element
          - unexpected value "1"


      15 |       await expect(page.locator('[data-testid="avatar"]')).toHaveCount(0);
      16 |     } else {
    > 17 |       await expect(page.locator('[data-testid="btn-login"]')).toHaveCount(0);
         |                                                               ^
      18 |       await expect(page.locator('[data-testid="avatar"]')).toBeVisible();
      19 |     }
      20 |
        at C:\dev\handi-webapp\tests\e2e\navbar-roles.spec.ts:17:63

    attachment #1: screenshot (image/png) ──────────────────────────────────────────────────────────
    ..\test-results\e2e-navbar-roles-navbar-para-rol-client-chromium-retry1\test-failed-1.png
    ────────────────────────────────────────────────────────────────────────────────────────────────

    attachment #2: video (video/webm) ──────────────────────────────────────────────────────────────
    ..\test-results\e2e-navbar-roles-navbar-para-rol-client-chromium-retry1\video.webm
    ────────────────────────────────────────────────────────────────────────────────────────────────

    Error Context: ..\test-results\e2e-navbar-roles-navbar-para-rol-client-chromium-retry1\error-context.md

    attachment #4: trace (application/zip) ─────────────────────────────────────────────────────────
    ..\test-results\e2e-navbar-roles-navbar-para-rol-client-chromium-retry1\trace.zip
    Usage:

        npx playwright show-trace ..\test-results\e2e-navbar-roles-navbar-para-rol-client-chromium-retry1\trace.zip

    ────────────────────────────────────────────────────────────────────────────────────────────────

    Retry #2 ───────────────────────────────────────────────────────────────────────────────────────

    Error: expect(locator).toHaveCount(expected) failed

    Locator:  locator('[data-testid="btn-login"]')
    Expected: 0
    Received: 1
    Timeout:  5000ms

    Call log:
      - Expect "toHaveCount" with timeout 5000ms
      - waiting for locator('[data-testid="btn-login"]')
        9 × locator resolved to 1 element
          - unexpected value "1"


      15 |       await expect(page.locator('[data-testid="avatar"]')).toHaveCount(0);
      16 |     } else {
    > 17 |       await expect(page.locator('[data-testid="btn-login"]')).toHaveCount(0);
         |                                                               ^
      18 |       await expect(page.locator('[data-testid="avatar"]')).toBeVisible();
      19 |     }
      20 |
        at C:\dev\handi-webapp\tests\e2e\navbar-roles.spec.ts:17:63

    attachment #1: screenshot (image/png) ──────────────────────────────────────────────────────────
    ..\test-results\e2e-navbar-roles-navbar-para-rol-client-chromium-retry2\test-failed-1.png
    ────────────────────────────────────────────────────────────────────────────────────────────────

    attachment #2: video (video/webm) ──────────────────────────────────────────────────────────────
    ..\test-results\e2e-navbar-roles-navbar-para-rol-client-chromium-retry2\video.webm
    ────────────────────────────────────────────────────────────────────────────────────────────────

    Error Context: ..\test-results\e2e-navbar-roles-navbar-para-rol-client-chromium-retry2\error-context.md
]]>
</failure>
<system-out>
<![CDATA[
[[ATTACHMENT|..\..\test-results\e2e-navbar-roles-navbar-para-rol-client-chromium\test-failed-1.png]]

[[ATTACHMENT|..\..\test-results\e2e-navbar-roles-navbar-para-rol-client-chromium\video.webm]]

[[ATTACHMENT|..\..\test-results\e2e-navbar-roles-navbar-para-rol-client-chromium\error-context.md]]

[[ATTACHMENT|..\..\test-results\e2e-navbar-roles-navbar-para-rol-client-chromium-retry1\test-failed-1.png]]

[[ATTACHMENT|..\..\test-results\e2e-navbar-roles-navbar-para-rol-client-chromium-retry1\video.webm]]

[[ATTACHMENT|..\..\test-results\e2e-navbar-roles-navbar-para-rol-client-chromium-retry1\error-context.md]]

[[ATTACHMENT|..\..\test-results\e2e-navbar-roles-navbar-para-rol-client-chromium-retry1\trace.zip]]

[[ATTACHMENT|..\..\test-results\e2e-navbar-roles-navbar-para-rol-client-chromium-retry2\test-failed-1.png]]

[[ATTACHMENT|..\..\test-results\e2e-navbar-roles-navbar-para-rol-client-chromium-retry2\video.webm]]

[[ATTACHMENT|..\..\test-results\e2e-navbar-roles-navbar-para-rol-client-chromium-retry2\error-context.md]]
]]>
</system-out>
</testcase>
<testcase name="navbar para rol: professional" classname="e2e\navbar-roles.spec.ts" time="17.393">
<failure message="navbar-roles.spec.ts:6:7 navbar para rol: professional" type="FAILURE">
<![CDATA[  [chromium] › e2e\navbar-roles.spec.ts:6:7 › navbar para rol: professional ────────────────────────

    Error: expect(locator).toHaveCount(expected) failed

    Locator:  locator('[data-testid="btn-login"]')
    Expected: 0
    Received: 1
    Timeout:  5000ms

    Call log:
      - Expect "toHaveCount" with timeout 5000ms
      - waiting for locator('[data-testid="btn-login"]')
        9 × locator resolved to 1 element
          - unexpected value "1"


      15 |       await expect(page.locator('[data-testid="avatar"]')).toHaveCount(0);
      16 |     } else {
    > 17 |       await expect(page.locator('[data-testid="btn-login"]')).toHaveCount(0);
         |                                                               ^
      18 |       await expect(page.locator('[data-testid="avatar"]')).toBeVisible();
      19 |     }
      20 |
        at C:\dev\handi-webapp\tests\e2e\navbar-roles.spec.ts:17:63

    attachment #1: screenshot (image/png) ──────────────────────────────────────────────────────────
    ..\test-results\e2e-navbar-roles-navbar-para-rol-professional-chromium\test-failed-1.png
    ────────────────────────────────────────────────────────────────────────────────────────────────

    attachment #2: video (video/webm) ──────────────────────────────────────────────────────────────
    ..\test-results\e2e-navbar-roles-navbar-para-rol-professional-chromium\video.webm
    ────────────────────────────────────────────────────────────────────────────────────────────────

    Error Context: ..\test-results\e2e-navbar-roles-navbar-para-rol-professional-chromium\error-context.md

    Retry #1 ───────────────────────────────────────────────────────────────────────────────────────

    Error: expect(locator).toHaveCount(expected) failed

    Locator:  locator('[data-testid="btn-login"]')
    Expected: 0
    Received: 1
    Timeout:  5000ms

    Call log:
      - Expect "toHaveCount" with timeout 5000ms
      - waiting for locator('[data-testid="btn-login"]')
        9 × locator resolved to 1 element
          - unexpected value "1"


      15 |       await expect(page.locator('[data-testid="avatar"]')).toHaveCount(0);
      16 |     } else {
    > 17 |       await expect(page.locator('[data-testid="btn-login"]')).toHaveCount(0);
         |                                                               ^
      18 |       await expect(page.locator('[data-testid="avatar"]')).toBeVisible();
      19 |     }
      20 |
        at C:\dev\handi-webapp\tests\e2e\navbar-roles.spec.ts:17:63

    attachment #1: screenshot (image/png) ──────────────────────────────────────────────────────────
    ..\test-results\e2e-navbar-roles-navbar-para-rol-professional-chromium-retry1\test-failed-1.png
    ────────────────────────────────────────────────────────────────────────────────────────────────

    attachment #2: video (video/webm) ──────────────────────────────────────────────────────────────
    ..\test-results\e2e-navbar-roles-navbar-para-rol-professional-chromium-retry1\video.webm
    ────────────────────────────────────────────────────────────────────────────────────────────────

    Error Context: ..\test-results\e2e-navbar-roles-navbar-para-rol-professional-chromium-retry1\error-context.md

    attachment #4: trace (application/zip) ─────────────────────────────────────────────────────────
    ..\test-results\e2e-navbar-roles-navbar-para-rol-professional-chromium-retry1\trace.zip
    Usage:

        npx playwright show-trace ..\test-results\e2e-navbar-roles-navbar-para-rol-professional-chromium-retry1\trace.zip

    ────────────────────────────────────────────────────────────────────────────────────────────────

    Retry #2 ───────────────────────────────────────────────────────────────────────────────────────

    Error: expect(locator).toHaveCount(expected) failed

    Locator:  locator('[data-testid="btn-login"]')
    Expected: 0
    Received: 1
    Timeout:  5000ms

    Call log:
      - Expect "toHaveCount" with timeout 5000ms
      - waiting for locator('[data-testid="btn-login"]')
        9 × locator resolved to 1 element
          - unexpected value "1"


      15 |       await expect(page.locator('[data-testid="avatar"]')).toHaveCount(0);
      16 |     } else {
    > 17 |       await expect(page.locator('[data-testid="btn-login"]')).toHaveCount(0);
         |                                                               ^
      18 |       await expect(page.locator('[data-testid="avatar"]')).toBeVisible();
      19 |     }
      20 |
        at C:\dev\handi-webapp\tests\e2e\navbar-roles.spec.ts:17:63

    attachment #1: screenshot (image/png) ──────────────────────────────────────────────────────────
    ..\test-results\e2e-navbar-roles-navbar-para-rol-professional-chromium-retry2\test-failed-1.png
    ────────────────────────────────────────────────────────────────────────────────────────────────

    attachment #2: video (video/webm) ──────────────────────────────────────────────────────────────
    ..\test-results\e2e-navbar-roles-navbar-para-rol-professional-chromium-retry2\video.webm
    ────────────────────────────────────────────────────────────────────────────────────────────────

    Error Context: ..\test-results\e2e-navbar-roles-navbar-para-rol-professional-chromium-retry2\error-context.md
]]>
</failure>
<system-out>
<![CDATA[
[[ATTACHMENT|..\..\test-results\e2e-navbar-roles-navbar-para-rol-professional-chromium\test-failed-1.png]]

[[ATTACHMENT|..\..\test-results\e2e-navbar-roles-navbar-para-rol-professional-chromium\video.webm]]

[[ATTACHMENT|..\..\test-results\e2e-navbar-roles-navbar-para-rol-professional-chromium\error-context.md]]

[[ATTACHMENT|..\..\test-results\e2e-navbar-roles-navbar-para-rol-professional-chromium-retry1\test-failed-1.png]]

[[ATTACHMENT|..\..\test-results\e2e-navbar-roles-navbar-para-rol-professional-chromium-retry1\video.webm]]

[[ATTACHMENT|..\..\test-results\e2e-navbar-roles-navbar-para-rol-professional-chromium-retry1\error-context.md]]

[[ATTACHMENT|..\..\test-results\e2e-navbar-roles-navbar-para-rol-professional-chromium-retry1\trace.zip]]

[[ATTACHMENT|..\..\test-results\e2e-navbar-roles-navbar-para-rol-professional-chromium-retry2\test-failed-1.png]]

[[ATTACHMENT|..\..\test-results\e2e-navbar-roles-navbar-para-rol-professional-chromium-retry2\video.webm]]

[[ATTACHMENT|..\..\test-results\e2e-navbar-roles-navbar-para-rol-professional-chromium-retry2\error-context.md]]
]]>
</system-out>
</testcase>
<testcase name="navbar para rol: admin" classname="e2e\navbar-roles.spec.ts" time="17.314">
<failure message="navbar-roles.spec.ts:6:7 navbar para rol: admin" type="FAILURE">
<![CDATA[  [chromium] › e2e\navbar-roles.spec.ts:6:7 › navbar para rol: admin ───────────────────────────────

    Error: expect(locator).toHaveCount(expected) failed

    Locator:  locator('[data-testid="btn-login"]')
    Expected: 0
    Received: 1
    Timeout:  5000ms

    Call log:
      - Expect "toHaveCount" with timeout 5000ms
      - waiting for locator('[data-testid="btn-login"]')
        9 × locator resolved to 1 element
          - unexpected value "1"


      15 |       await expect(page.locator('[data-testid="avatar"]')).toHaveCount(0);
      16 |     } else {
    > 17 |       await expect(page.locator('[data-testid="btn-login"]')).toHaveCount(0);
         |                                                               ^
      18 |       await expect(page.locator('[data-testid="avatar"]')).toBeVisible();
      19 |     }
      20 |
        at C:\dev\handi-webapp\tests\e2e\navbar-roles.spec.ts:17:63

    attachment #1: screenshot (image/png) ──────────────────────────────────────────────────────────
    ..\test-results\e2e-navbar-roles-navbar-para-rol-admin-chromium\test-failed-1.png
    ────────────────────────────────────────────────────────────────────────────────────────────────

    attachment #2: video (video/webm) ──────────────────────────────────────────────────────────────
    ..\test-results\e2e-navbar-roles-navbar-para-rol-admin-chromium\video.webm
    ────────────────────────────────────────────────────────────────────────────────────────────────

    Error Context: ..\test-results\e2e-navbar-roles-navbar-para-rol-admin-chromium\error-context.md

    Retry #1 ───────────────────────────────────────────────────────────────────────────────────────

    Error: expect(locator).toHaveCount(expected) failed

    Locator:  locator('[data-testid="btn-login"]')
    Expected: 0
    Received: 1
    Timeout:  5000ms

    Call log:
      - Expect "toHaveCount" with timeout 5000ms
      - waiting for locator('[data-testid="btn-login"]')
        9 × locator resolved to 1 element
          - unexpected value "1"


      15 |       await expect(page.locator('[data-testid="avatar"]')).toHaveCount(0);
      16 |     } else {
    > 17 |       await expect(page.locator('[data-testid="btn-login"]')).toHaveCount(0);
         |                                                               ^
      18 |       await expect(page.locator('[data-testid="avatar"]')).toBeVisible();
      19 |     }
      20 |
        at C:\dev\handi-webapp\tests\e2e\navbar-roles.spec.ts:17:63

    attachment #1: screenshot (image/png) ──────────────────────────────────────────────────────────
    ..\test-results\e2e-navbar-roles-navbar-para-rol-admin-chromium-retry1\test-failed-1.png
    ────────────────────────────────────────────────────────────────────────────────────────────────

    attachment #2: video (video/webm) ──────────────────────────────────────────────────────────────
    ..\test-results\e2e-navbar-roles-navbar-para-rol-admin-chromium-retry1\video.webm
    ────────────────────────────────────────────────────────────────────────────────────────────────

    Error Context: ..\test-results\e2e-navbar-roles-navbar-para-rol-admin-chromium-retry1\error-context.md

    attachment #4: trace (application/zip) ─────────────────────────────────────────────────────────
    ..\test-results\e2e-navbar-roles-navbar-para-rol-admin-chromium-retry1\trace.zip
    Usage:

        npx playwright show-trace ..\test-results\e2e-navbar-roles-navbar-para-rol-admin-chromium-retry1\trace.zip

    ────────────────────────────────────────────────────────────────────────────────────────────────

    Retry #2 ───────────────────────────────────────────────────────────────────────────────────────

    Error: expect(locator).toHaveCount(expected) failed

    Locator:  locator('[data-testid="btn-login"]')
    Expected: 0
    Received: 1
    Timeout:  5000ms

    Call log:
      - Expect "toHaveCount" with timeout 5000ms
      - waiting for locator('[data-testid="btn-login"]')
        9 × locator resolved to 1 element
          - unexpected value "1"


      15 |       await expect(page.locator('[data-testid="avatar"]')).toHaveCount(0);
      16 |     } else {
    > 17 |       await expect(page.locator('[data-testid="btn-login"]')).toHaveCount(0);
         |                                                               ^
      18 |       await expect(page.locator('[data-testid="avatar"]')).toBeVisible();
      19 |     }
      20 |
        at C:\dev\handi-webapp\tests\e2e\navbar-roles.spec.ts:17:63

    attachment #1: screenshot (image/png) ──────────────────────────────────────────────────────────
    ..\test-results\e2e-navbar-roles-navbar-para-rol-admin-chromium-retry2\test-failed-1.png
    ────────────────────────────────────────────────────────────────────────────────────────────────

    attachment #2: video (video/webm) ──────────────────────────────────────────────────────────────
    ..\test-results\e2e-navbar-roles-navbar-para-rol-admin-chromium-retry2\video.webm
    ────────────────────────────────────────────────────────────────────────────────────────────────

    Error Context: ..\test-results\e2e-navbar-roles-navbar-para-rol-admin-chromium-retry2\error-context.md
]]>
</failure>
<system-out>
<![CDATA[
[[ATTACHMENT|..\..\test-results\e2e-navbar-roles-navbar-para-rol-admin-chromium\test-failed-1.png]]

[[ATTACHMENT|..\..\test-results\e2e-navbar-roles-navbar-para-rol-admin-chromium\video.webm]]

[[ATTACHMENT|..\..\test-results\e2e-navbar-roles-navbar-para-rol-admin-chromium\error-context.md]]

[[ATTACHMENT|..\..\test-results\e2e-navbar-roles-navbar-para-rol-admin-chromium-retry1\test-failed-1.png]]

[[ATTACHMENT|..\..\test-results\e2e-navbar-roles-navbar-para-rol-admin-chromium-retry1\video.webm]]

[[ATTACHMENT|..\..\test-results\e2e-navbar-roles-navbar-para-rol-admin-chromium-retry1\error-context.md]]

[[ATTACHMENT|..\..\test-results\e2e-navbar-roles-navbar-para-rol-admin-chromium-retry1\trace.zip]]

[[ATTACHMENT|..\..\test-results\e2e-navbar-roles-navbar-para-rol-admin-chromium-retry2\test-failed-1.png]]

[[ATTACHMENT|..\..\test-results\e2e-navbar-roles-navbar-para-rol-admin-chromium-retry2\video.webm]]

[[ATTACHMENT|..\..\test-results\e2e-navbar-roles-navbar-para-rol-admin-chromium-retry2\error-context.md]]
]]>
</system-out>
</testcase>
</testsuite>
<testsuite name="e2e\request-edit.spec.ts" timestamp="2025-09-18T01:57:34.277Z" hostname="chromium" tests="1" failures="0" skipped="1" time="0.25" errors="0">
<testcase name="Request detail edit UI › login as client seed and save edited title" classname="e2e\request-edit.spec.ts" time="0.25">
<properties>
<property name="skip" value="No action_link for test login">
</property>
</properties>
<skipped>
</skipped>
</testcase>
</testsuite>
<testsuite name="e2e\requests-api.spec.ts" timestamp="2025-09-18T01:57:34.277Z" hostname="chromium" tests="2" failures="0" skipped="0" time="0.45" errors="0">
<testcase name="/api/requests API › GET defaults to active and supports limit" classname="e2e\requests-api.spec.ts" time="0.186">
</testcase>
<testcase name="/api/requests API › GET paginates with cursor" classname="e2e\requests-api.spec.ts" time="0.264">
</testcase>
</testsuite>
<testsuite name="e2e\requests-applications.spec.ts" timestamp="2025-09-18T01:57:34.277Z" hostname="chromium" tests="3" failures="1" skipped="2" time="0" errors="0">
<testcase name="Requests + Applications (seed dev/CI) › Listado muestra la solicitud seed activa" classname="e2e\requests-applications.spec.ts" time="0">
<failure message="requests-applications.spec.ts:16:7 Listado muestra la solicitud seed activa" type="FAILURE">
<![CDATA[  [chromium] › e2e\requests-applications.spec.ts:16:7 › Requests + Applications (seed dev/CI) › Listado muestra la solicitud seed activa 

    Error: expect(received).toBeTruthy()

    Received: false

       7 |       headers: { "Content-Type": "application/json; charset=utf-8" },
       8 |     });
    >  9 |     expect(r1.ok()).toBeTruthy();
         |                     ^
      10 |     const r2 = await request.get(`${baseURL}/api/test-seed?action=seed`, {
      11 |       headers: { "Content-Type": "application/json; charset=utf-8" },
      12 |     });
        at C:\dev\handi-webapp\tests\e2e\requests-applications.spec.ts:9:21

    Retry #1 ───────────────────────────────────────────────────────────────────────────────────────

    Error: expect(received).toBeTruthy()

    Received: false

       7 |       headers: { "Content-Type": "application/json; charset=utf-8" },
       8 |     });
    >  9 |     expect(r1.ok()).toBeTruthy();
         |                     ^
      10 |     const r2 = await request.get(`${baseURL}/api/test-seed?action=seed`, {
      11 |       headers: { "Content-Type": "application/json; charset=utf-8" },
      12 |     });
        at C:\dev\handi-webapp\tests\e2e\requests-applications.spec.ts:9:21

    attachment #1: trace (application/zip) ─────────────────────────────────────────────────────────
    ..\test-results\e2e-requests-applications--c1123-ra-la-solicitud-seed-activa-chromium-retry1\trace.zip
    Usage:

        npx playwright show-trace ..\test-results\e2e-requests-applications--c1123-ra-la-solicitud-seed-activa-chromium-retry1\trace.zip

    ────────────────────────────────────────────────────────────────────────────────────────────────

    Retry #2 ───────────────────────────────────────────────────────────────────────────────────────

    Error: expect(received).toBeTruthy()

    Received: false

       7 |       headers: { "Content-Type": "application/json; charset=utf-8" },
       8 |     });
    >  9 |     expect(r1.ok()).toBeTruthy();
         |                     ^
      10 |     const r2 = await request.get(`${baseURL}/api/test-seed?action=seed`, {
      11 |       headers: { "Content-Type": "application/json; charset=utf-8" },
      12 |     });
        at C:\dev\handi-webapp\tests\e2e\requests-applications.spec.ts:9:21
]]>
</failure>
<system-out>
<![CDATA[
[[ATTACHMENT|..\..\test-results\e2e-requests-applications--c1123-ra-la-solicitud-seed-activa-chromium-retry1\trace.zip]]
]]>
</system-out>
</testcase>
<testcase name="Requests + Applications (seed dev/CI) › Unicidad de postulaciones por (request_id, professional_id)" classname="e2e\requests-applications.spec.ts" time="0">
<skipped>
</skipped>
</testcase>
<testcase name="Requests + Applications (seed dev/CI) › Vista de detalle responde con navegación PRO al simular rol &apos;professional&apos;" classname="e2e\requests-applications.spec.ts" time="0">
<skipped>
</skipped>
</testcase>
</testsuite>
<testsuite name="e2e\smoke.spec.ts" timestamp="2025-09-18T01:57:34.277Z" hostname="chromium" tests="1" failures="0" skipped="0" time="0.634" errors="0">
<testcase name="home responde y renderiza elementos básicos" classname="e2e\smoke.spec.ts" time="0.634">
</testcase>
</testsuite>
</testsuites>